==============================================================
 
                         KFLOW-2016
 
               Konkuk University Working Group
 
==============================================================
Run in Flow analysis mode
TITLE    :KFLOW EDISON Nozzle                                         
--------------------------------------------------------------
flow condition file = tur.sol        
grid file header    = air            
--------------------------------------------------------------
Freestream velocity =           3.34
Angle of attack     =           0.00
Bank angle          =           0.00
Re                  =       22150.00
Number of blocks    =       1
Number of CPUs      =       8
--------------------------------------------------------------
Flux order   :  3           limiter:  1
Entropy fix  :  1           delta  :  0.00
Local Time   :  3           CFL No :  0.50
Turbulence Model :  30
--------------------------------------------------------------
--------------------------------------------------------------
Memory allocation ... Completed!
Read Grid file ...... Completed!
Read BCS file ....... Completed!
Initialize flow ..... Completed!
Calculate metric .... Completed!
Make coarse grid .... Completed!
Calculate metric .... Completed!
START FLOW SOLVING !!!!!!!!!!!!!
-----------------------------------------------------
 ITER    CPU-Time   WC-Time  L2NORM     rms(2)     rms(3)
     50       0.0       0.9   0.531930D-02   0.404808D-01   0.417353D-04
    100       1.0       1.8   0.507561D-02   0.284649D+00   0.146260D-03
    150       1.0       2.6   0.545756D-02   0.193657D+01   0.411309D-03
    200       1.0       3.5   0.607051D-02   0.129036D+02   0.427123D-03
    250       2.0       4.4   0.727625D-02   0.671022D+02   0.290240D-03
    300       2.0       5.3   0.777526D-02   0.324811D+03   0.255735D-03
    350       3.0       6.2   0.776897D-02   0.100147D+04   0.258645D-03
    400       3.0       7.1   0.775781D-02   0.235255D+04   0.323256D-03
    450       4.0       8.0   0.764670D-02   0.722104D+04   0.440642D-03
    500       4.0       8.9   0.882696D-02   0.127551D+05   0.614621D-03
    550       5.0       9.9   0.995178D-02   0.131234D+05   0.810777D-03
    600       6.0      10.9   0.110257D-01   0.137188D+05   0.892945D-03
    650       6.0      11.8   0.115198D-01   0.123968D+05   0.942227D-03
    700       7.0      12.7   0.118010D-01   0.102861D+05   0.935511D-03
    750       7.0      13.7   0.119582D-01   0.953000D+04   0.806321D-03
    800       8.0      14.7   0.119943D-01   0.117842D+05   0.667954D-03
    850       9.0      15.8   0.120342D-01   0.138928D+05   0.637302D-03
    900       9.0      16.7   0.112826D-01   0.182145D+05   0.668264D-03
    950      10.0      17.7   0.113049D-01   0.192576D+05   0.765630D-03
   1000      10.0      18.6   0.119552D-01   0.166559D+05   0.831545D-03
   1050      11.0      19.6   0.108007D-01   0.177983D+05   0.101997D-02
   1100      12.0      20.6   0.122920D-01   0.201488D+05   0.112906D-02
   1150      12.0      21.5   0.135479D-01   0.198865D+05   0.118609D-02
   1200      13.0      22.5   0.154416D-01   0.178531D+05   0.838195D-03
   1250      13.0      23.4   0.162336D-01   0.163980D+05   0.501631D-03
   1300      14.0      24.3   0.171989D-01   0.164966D+05   0.467374D-03
   1350      15.0      25.3   0.162143D-01   0.179811D+05   0.507476D-03
   1400      15.0      26.3   0.157424D-01   0.206179D+05   0.612652D-03
   1450      16.0      27.3   0.145463D-01   0.216317D+05   0.711464D-03
   1500      16.0      28.3   0.133720D-01   0.238104D+05   0.643835D-03
   1550      17.0      29.2   0.123430D-01   0.274169D+05   0.693534D-03
   1600      17.0      30.3   0.114754D-01   0.307872D+05   0.716913D-03
   1650      18.0      31.2   0.115494D-01   0.310888D+05   0.772922D-03
   1700      18.0      32.1   0.115827D-01   0.299112D+05   0.655247D-03
   1750      19.0      32.9   0.117775D-01   0.291112D+05   0.573110D-03
   1800      19.0      33.8   0.115377D-01   0.312940D+05   0.784492D-03
   1850      20.0      34.7   0.119083D-01   0.314889D+05   0.440681D-03
   1900      21.0      35.7   0.116715D-01   0.296134D+05   0.261951D-03
   1950      21.0      36.7   0.117613D-01   0.268488D+05   0.342013D-03
   2000      22.0      37.6   0.101208D-01   0.270056D+05   0.377475D-03
   2050      22.0      38.6   0.884623D-02   0.255328D+05   0.420428D-03
   2100      23.0      39.6   0.904428D-02   0.258018D+05   0.387686D-03
   2150      23.0      40.5   0.894934D-02   0.271616D+05   0.333941D-03
   2200      24.0      41.4   0.899748D-02   0.260775D+05   0.336475D-03
   2250      25.0      42.3   0.961750D-02   0.242597D+05   0.395327D-03
   2300      25.0      43.2   0.944397D-02   0.232606D+05   0.328738D-03
   2350      26.0      44.2   0.906542D-02   0.232276D+05   0.336893D-03
   2400      26.0      45.0   0.852228D-02   0.228681D+05   0.315679D-03
   2450      27.0      45.9   0.745889D-02   0.239720D+05   0.248278D-03
   2500      27.0      46.8   0.664856D-02   0.249124D+05   0.237255D-03
   2550      28.0      50.5   0.670308D-02   0.252328D+05   0.213842D-03
   2600      28.0      51.4   0.633595D-02   0.257059D+05   0.183787D-03
   2650      29.0      52.3   0.653660D-02   0.268778D+05   0.198177D-03
   2700      29.0      53.2   0.680557D-02   0.286376D+05   0.177823D-03
   2750      30.0      54.1   0.701827D-02   0.312581D+05   0.185864D-03
   2800      30.0      55.1   0.685042D-02   0.632792D+05   0.185782D-03
   2850      31.0      56.0   0.676407D-02   0.463213D+05   0.171117D-03
   2900      31.0      57.0   0.719330D-02   0.715983D+05   0.187248D-03
   2950      32.0      57.8   0.709576D-02   0.509061D+05   0.166701D-03
   3000      32.0      58.8   0.722748D-02   0.361602D+05   0.158470D-03
   3050      33.0      59.7   0.738482D-02   0.350876D+05   0.158408D-03
   3100      34.0      60.6   0.761100D-02   0.360919D+05   0.162987D-03
   3150      34.0      61.4   0.783337D-02   0.362911D+05   0.166514D-03
   3200      34.0      62.2   0.812250D-02   0.376395D+05   0.169967D-03
   3250      35.0      63.1   0.832654D-02   0.389613D+05   0.173756D-03
   3300      35.0      64.0   0.842511D-02   0.398327D+05   0.179368D-03
   3350      36.0      64.9   0.854631D-02   0.401460D+05   0.191227D-03
   3400      37.0      65.8   0.867309D-02   0.404467D+05   0.199261D-03
   3450      37.0      66.7   0.885610D-02   0.406398D+05   0.196489D-03
   3500      38.0      67.7   0.911142D-02   0.405024D+05   0.192082D-03
   3550      38.0      68.6   0.939657D-02   0.402460D+05   0.190859D-03
   3600      39.0      69.5   0.962114D-02   0.400631D+05   0.181211D-03
   3650      39.0      70.4   0.977604D-02   0.399990D+05   0.189308D-03
   3700      40.0      71.3   0.977270D-02   0.399431D+05   0.192633D-03
   3750      40.0      72.2   0.966731D-02   0.396296D+05   0.199586D-03
   3800      41.0      73.2   0.953985D-02   0.391714D+05   0.207065D-03
   3850      42.0      74.2   0.955796D-02   0.382795D+05   0.210016D-03
   3900      42.0      75.1   0.958268D-02   0.369858D+05   0.211736D-03
   3950      43.0      75.9   0.960112D-02   0.353694D+05   0.209489D-03
   4000      43.0      76.7   0.962582D-02   0.334775D+05   0.205916D-03
   4050      44.0      77.5   0.955910D-02   0.317271D+05   0.199535D-03
   4100      44.0      78.3   0.939373D-02   0.302413D+05   0.348030D-03
   4150      45.0      79.1   0.910998D-02   0.290873D+05   0.174950D-03
   4200      45.0      79.9   0.891321D-02   0.282089D+05   0.171496D-03
   4250      46.0      80.7   0.879154D-02   0.273645D+05   0.174205D-03
   4300      46.0      81.6   0.867664D-02   0.265127D+05   0.177376D-03
   4350      47.0      82.4   0.862414D-02   0.253291D+05   0.179001D-03
   4400      47.0      83.2   0.867973D-02   0.239498D+05   0.176161D-03
   4450      48.0      83.9   0.875024D-02   0.223809D+05   0.167290D-03
   4500      48.0      84.8   0.871090D-02   0.207540D+05   0.157039D-03
   4550      49.0      85.5   0.857447D-02   0.193811D+05   0.157072D-03
   4600      49.0      86.3   0.841293D-02   0.183174D+05   0.157745D-03
   4650      50.0      87.1   0.829800D-02   0.174247D+05   0.152898D-03
   4700      50.0      87.9   0.823230D-02   0.165780D+05   0.151059D-03
   4750      50.0      88.8   0.814983D-02   0.158346D+05   0.152772D-03
   4800      51.0      89.6   0.813654D-02   0.151643D+05   0.150996D-03
   4850      51.0      90.4   0.825863D-02   0.144165D+05   0.152092D-03
   4900      52.0      91.1   0.837449D-02   0.136156D+05   0.156480D-03
   4950      52.0      91.9   0.867941D-02   0.128925D+05   0.158617D-03
   5000      53.0      92.8   0.861697D-02   0.121707D+05   0.162031D-03
   5050      53.0      96.3   0.862615D-02   0.112761D+05   0.164722D-03
   5100      54.0      97.1   0.849121D-02   0.106330D+05   0.164062D-03
   5150      54.0      97.9   0.848960D-02   0.102419D+05   0.165927D-03
   5200      55.0      98.7   0.854550D-02   0.954251D+04   0.156932D-03
   5250      55.0      99.5   0.849562D-02   0.873951D+04   0.156304D-03
   5300      56.0     100.3   0.835160D-02   0.801591D+04   0.157251D-03
   5350      56.0     101.1   0.825902D-02   0.745868D+04   0.159412D-03
   5400      57.0     101.9   0.818688D-02   0.701934D+04   0.159073D-03
   5450      57.0     102.8   0.808177D-02   0.661126D+04   0.155836D-03
   5500      58.0     103.6   0.794828D-02   0.616987D+04   0.146391D-03
   5550      58.0     104.4   0.779552D-02   0.568440D+04   0.135877D-03
   5600      59.0     105.2   0.761210D-02   0.539929D+04   0.132996D-03
   5650      59.0     106.1   0.755572D-02   0.537771D+04   0.141714D-03
   5700      60.0     106.9   0.755906D-02   0.571819D+04   0.157223D-03
   5750      60.0     107.8   0.752327D-02   0.634746D+04   0.177229D-03
   5800      61.0     108.5   0.758150D-02   0.663059D+04   0.206038D-03
   5850      61.0     109.3   0.759794D-02   0.644119D+04   0.191970D-03
   5900      62.0     110.1   0.757900D-02   0.630589D+04   0.172453D-03
   5950      62.0     111.0   0.727531D-02   0.648713D+04   0.152870D-03
   6000      63.0     111.7   0.674516D-02   0.669852D+04   0.133745D-03
   6050      63.0     112.6   0.614088D-02   0.599669D+04   0.123776D-03
   6100      64.0     113.3   0.598741D-02   0.498138D+04   0.124309D-03
   6150      64.0     114.2   0.582214D-02   0.427102D+04   0.129457D-03
   6200      65.0     114.9   0.568778D-02   0.431832D+04   0.134854D-03
   6250      65.0     115.7   0.593684D-02   0.461669D+04   0.152068D-03
   6300      66.0     116.5   0.628824D-02   0.513842D+04   0.170726D-03
   6350      66.0     117.4   0.621757D-02   0.599546D+04   0.151809D-03
   6400      67.0     118.2   0.638763D-02   0.733740D+04   0.142696D-03
   6450      67.0     119.0   0.671751D-02   0.876965D+04   0.140033D-03
   6500      67.0     119.8   0.625957D-02   0.927989D+04   0.128445D-03
   6550      68.0     120.6   0.592025D-02   0.100874D+05   0.121893D-03
   6600      68.0     121.4   0.589799D-02   0.977782D+04   0.136704D-03
   6650      69.0     122.3   0.561973D-02   0.912670D+04   0.184672D-03
   6700      70.0     123.1   0.550015D-02   0.813717D+04   0.173520D-03
   6750      70.0     124.0   0.591372D-02   0.790317D+04   0.134958D-03
   6800      71.0     124.8   0.575896D-02   0.773438D+04   0.118822D-03
   6850      71.0     125.6   0.535112D-02   0.739875D+04   0.136043D-03
   6900      72.0     126.4   0.504399D-02   0.705554D+04   0.129407D-03
   6950      72.0     127.2   0.509840D-02   0.658438D+04   0.131824D-03
   7000      72.0     128.0   0.489708D-02   0.609541D+04   0.119051D-03
   7050      73.0     128.8   0.477556D-02   0.545018D+04   0.130353D-03
   7100      73.0     129.7   0.469348D-02   0.515185D+04   0.136977D-03
   7150      74.0     130.5   0.452019D-02   0.537176D+04   0.111978D-03
   7200      74.0     131.4   0.458951D-02   0.577130D+04   0.100219D-03
   7250      75.0     132.2   0.442552D-02   0.576397D+04   0.120447D-03
   7300      75.0     133.0   0.405674D-02   0.611112D+04   0.133449D-03
   7350      76.0     133.8   0.403829D-02   0.621577D+04   0.128733D-03
   7400      76.0     134.6   0.430816D-02   0.617911D+04   0.124262D-03
   7450      77.0     135.4   0.420652D-02   0.552271D+04   0.128985D-03
   7500      77.0     136.2   0.404517D-02   0.510257D+04   0.129154D-03
   7550      78.0     139.2   0.404497D-02   0.501024D+04   0.100446D-03
   7600      78.0     140.0   0.388866D-02   0.511034D+04   0.793942D-04
   7650      79.0     140.8   0.350396D-02   0.463899D+04   0.869624D-04
   7700      79.0     141.6   0.313268D-02   0.396188D+04   0.880033D-04
   7750      80.0     142.4   0.296678D-02   0.370108D+04   0.832368D-04
   7800      80.0     143.2   0.304918D-02   0.343155D+04   0.820740D-04
   7850      81.0     144.0   0.294085D-02   0.334985D+04   0.847703D-04
   7900      81.0     144.8   0.317112D-02   0.349903D+04   0.864664D-04
   7950      82.0     145.7   0.327795D-02   0.368371D+04   0.774918D-04
   8000      82.0     146.5   0.315825D-02   0.375267D+04   0.712449D-04
   8050      83.0     147.3   0.287601D-02   0.342379D+04   0.734439D-04
   8100      83.0     148.1   0.264665D-02   0.307050D+04   0.710005D-04
   8150      84.0     148.9   0.230674D-02   0.332540D+04   0.614291D-04
   8200      84.0     149.7   0.214085D-02   0.353213D+04   0.571672D-04
   8250      85.0     150.5   0.211439D-02   0.328723D+04   0.617281D-04
   8300      85.0     151.4   0.231804D-02   0.300990D+04   0.732042D-04
   8350      86.0     152.2   0.254766D-02   0.300251D+04   0.684967D-04
   8400      86.0     153.0   0.258129D-02   0.308864D+04   0.590298D-04
   8450      87.0     153.8   0.247680D-02   0.307143D+04   0.587330D-04
   8500      87.0     154.6   0.231570D-02   0.293441D+04   0.594163D-04
   8550      88.0     155.4   0.212583D-02   0.287091D+04   0.612857D-04
   8600      88.0     156.2   0.202958D-02   0.289017D+04   0.632338D-04
   8650      89.0     157.0   0.196060D-02   0.294963D+04   0.613545D-04
   8700      89.0     157.9   0.198078D-02   0.295355D+04   0.650261D-04
   8750      90.0     158.7   0.212284D-02   0.295683D+04   0.703223D-04
   8800      90.0     159.5   0.215474D-02   0.292098D+04   0.630849D-04
   8850      91.0     160.4   0.210071D-02   0.280505D+04   0.541472D-04
   8900      91.0     161.3   0.199470D-02   0.264616D+04   0.506201D-04
   8950      92.0     162.0   0.186049D-02   0.253114D+04   0.448436D-04
   9000      92.0     162.8   0.180465D-02   0.250129D+04   0.431782D-04
   9050      93.0     163.6   0.185840D-02   0.253923D+04   0.492314D-04
   9100      93.0     164.4   0.193542D-02   0.256841D+04   0.534174D-04
   9150      94.0     165.2   0.201142D-02   0.260289D+04   0.533074D-04
   9200      94.0     166.1   0.203522D-02   0.267615D+04   0.559765D-04
   9250      95.0     166.9   0.198359D-02   0.272952D+04   0.640157D-04
   9300      95.0     167.7   0.180434D-02   0.271284D+04   0.684821D-04
   9350      96.0     168.6   0.165024D-02   0.267245D+04   0.663637D-04
   9400      96.0     169.4   0.159984D-02   0.264260D+04   0.593226D-04
   9450      97.0     170.2   0.160038D-02   0.260749D+04   0.500617D-04
   9500      97.0     171.0   0.163341D-02   0.254188D+04   0.432193D-04
   9550      98.0     171.9   0.167845D-02   0.244283D+04   0.399686D-04
   9600      98.0     172.7   0.169106D-02   0.233038D+04   0.367113D-04
   9650      99.0     173.5   0.165213D-02   0.221322D+04   0.355257D-04
   9700      99.0     174.3   0.154073D-02   0.212336D+04   0.350939D-04
   9750     100.0     175.1   0.141948D-02   0.209921D+04   0.356605D-04
   9800     100.0     175.9   0.135842D-02   0.211095D+04   0.403052D-04
   9850     101.0     176.7   0.141169D-02   0.207134D+04   0.475022D-04
   9900     101.0     177.5   0.153321D-02   0.200495D+04   0.550781D-04
   9950     102.0     178.4   0.160166D-02   0.197113D+04   0.590603D-04
  10000     102.0     179.1   0.159719D-02   0.196036D+04   0.551316D-04
  10050     103.0     182.6   0.153967D-02   0.193207D+04   0.489535D-04
  10100     103.0     183.5   0.145162D-02   0.188023D+04   0.464802D-04
  10150     104.0     184.3   0.137811D-02   0.180465D+04   0.431697D-04
  10200     104.0     185.1   0.133592D-02   0.171387D+04   0.413957D-04
  10250     105.0     185.9   0.133837D-02   0.165083D+04   0.440404D-04
  10300     105.0     186.8   0.138879D-02   0.163652D+04   0.447086D-04
  10350     106.0     187.6   0.144180D-02   0.163573D+04   0.441316D-04
  10400     106.0     188.5   0.147406D-02   0.161404D+04   0.456901D-04
  10450     107.0     189.3   0.143402D-02   0.158112D+04   0.505921D-04
  10500     107.0     190.2   0.132746D-02   0.157244D+04   0.555293D-04
  10550     108.0     191.0   0.120432D-02   0.159924D+04   0.592657D-04
  10600     108.0     191.8   0.110399D-02   0.165235D+04   0.639165D-04
  10650     109.0     192.7   0.106146D-02   0.168868D+04   0.679085D-04
  10700     109.0     193.5   0.108467D-02   0.166447D+04   0.700001D-04
  10750     110.0     194.3   0.111548D-02   0.159995D+04   0.676701D-04
  10800     110.0     195.1   0.113364D-02   0.152995D+04   0.592194D-04
  10850     111.0     195.9   0.112360D-02   0.145578D+04   0.442950D-04
  10900     111.0     196.7   0.108208D-02   0.136778D+04   0.301949D-04
  10950     112.0     197.4   0.103319D-02   0.126955D+04   0.276003D-04
  11000     112.0     198.2   0.983417D-03   0.118512D+04   0.296541D-04
  11050     113.0     199.0   0.939230D-03   0.113171D+04   0.350204D-04
  11100     113.0     199.7   0.920781D-03   0.111116D+04   0.438010D-04
  11150     114.0     200.6   0.928132D-03   0.111939D+04   0.500891D-04
  11200     114.0     201.4   0.923063D-03   0.112644D+04   0.505250D-04
  11250     115.0     202.2   0.891200D-03   0.111837D+04   0.458509D-04
  11300     115.0     203.1   0.843510D-03   0.112457D+04   0.389447D-04
  11350     116.0     203.9   0.785220D-03   0.116698D+04   0.320780D-04
  11400     116.0     204.8   0.739310D-03   0.122767D+04   0.285807D-04
  11450     117.0     205.6   0.730589D-03   0.128040D+04   0.277519D-04
  11500     117.0     206.5   0.748376D-03   0.131378D+04   0.285097D-04
  11550     118.0     207.3   0.772739D-03   0.131813D+04   0.309790D-04
  11600     118.0     208.1   0.797379D-03   0.128910D+04   0.316218D-04
  11650     119.0     209.0   0.809547D-03   0.123726D+04   0.300910D-04
  11700     119.0     209.8   0.798900D-03   0.118764D+04   0.309267D-04
  11750     120.0     210.6   0.764578D-03   0.115088D+04   0.329255D-04
  11800     120.0     211.4   0.719276D-03   0.111792D+04   0.341422D-04
  11850     121.0     212.2   0.693687D-03   0.108301D+04   0.344931D-04
  11900     121.0     213.1   0.703990D-03   0.105522D+04   0.336946D-04
  11950     122.0     213.9   0.733725D-03   0.104710D+04   0.320889D-04
  12000     122.0     214.8   0.756053D-03   0.105149D+04   0.312750D-04
  12050     123.0     215.6   0.754790D-03   0.104318D+04   0.316523D-04
  12100     123.0     216.4   0.723155D-03   0.101909D+04   0.321997D-04
  12150     124.0     217.2   0.659181D-03   0.100230D+04   0.315595D-04
  12200     124.0     218.0   0.573080D-03   0.100312D+04   0.289805D-04
  12250     125.0     218.9   0.490023D-03   0.100705D+04   0.246237D-04
  12300     125.0     219.7   0.445430D-03   0.997480D+03   0.198776D-04
  12350     126.0     220.5   0.455198D-03   0.973262D+03   0.171983D-04
  12400     126.0     221.3   0.495936D-03   0.938569D+03   0.175504D-04
  12450     127.0     222.2   0.532785D-03   0.897968D+03   0.188512D-04
  12500     127.0     223.0   0.546356D-03   0.859199D+03   0.190969D-04
  12550     128.0     226.1   0.531649D-03   0.826074D+03   0.189944D-04
  12600     128.0     226.9   0.487865D-03   0.798765D+03   0.191907D-04
  12650     129.0     227.7   0.428507D-03   0.778882D+03   0.193365D-04
  12700     129.0     228.5   0.380008D-03   0.764191D+03   0.190684D-04
  12750     130.0     229.3   0.360824D-03   0.754814D+03   0.185369D-04
  12800     130.0     230.1   0.369439D-03   0.749959D+03   0.175327D-04
  12850     131.0     230.9   0.392711D-03   0.748634D+03   0.158598D-04
  12900     131.0     231.8   0.415898D-03   0.751141D+03   0.140047D-04
  12950     132.0     232.6   0.427380D-03   0.754704D+03   0.128294D-04
  13000     132.0     233.4   0.417328D-03   0.755582D+03   0.123532D-04
  13050     133.0     234.2   0.386355D-03   0.753104D+03   0.117846D-04
  13100     133.0     235.0   0.347755D-03   0.747410D+03   0.111486D-04
  13150     134.0     235.8   0.317211D-03   0.737814D+03   0.107841D-04
  13200     134.0     236.6   0.304539D-03   0.725757D+03   0.108261D-04
  13250     135.0     237.4   0.311473D-03   0.713176D+03   0.112217D-04
  13300     135.0     238.2   0.330588D-03   0.699550D+03   0.118822D-04
  13350     136.0     239.0   0.349216D-03   0.685447D+03   0.129467D-04
  13400     136.0     239.9   0.357113D-03   0.674491D+03   0.143228D-04
  13450     137.0     240.7   0.350346D-03   0.669638D+03   0.152303D-04
  13500     137.0     241.5   0.332327D-03   0.669358D+03   0.151834D-04
  13550     138.0     242.3   0.311846D-03   0.670409D+03   0.142401D-04
  13600     138.0     243.2   0.294879D-03   0.670176D+03   0.128457D-04
  13650     139.0     244.0   0.288074D-03   0.666586D+03   0.118671D-04
  13700     139.0     244.7   0.295362D-03   0.658193D+03   0.117556D-04
  13750     140.0     245.6   0.309964D-03   0.644668D+03   0.119891D-04
  13800     140.0     246.4   0.317720D-03   0.627060D+03   0.119233D-04
  13850     141.0     247.2   0.311284D-03   0.607640D+03   0.113424D-04
  13900     141.0     248.0   0.293266D-03   0.589551D+03   0.105521D-04
  13950     142.0     248.9   0.271098D-03   0.575413D+03   0.997407D-05
  14000     142.0     249.7   0.251295D-03   0.566288D+03   0.974870D-05
  14050     143.0     250.6   0.238447D-03   0.562195D+03   0.942012D-05
  14100     143.0     251.4   0.236008D-03   0.563012D+03   0.886530D-05
  14150     144.0     252.1   0.242473D-03   0.568244D+03   0.847425D-05
  14200     144.0     252.9   0.252093D-03   0.576328D+03   0.859564D-05
  14250     145.0     253.7   0.258032D-03   0.584794D+03   0.887346D-05
  14300     145.0     254.6   0.256481D-03   0.590941D+03   0.880909D-05
  14350     146.0     255.4   0.248714D-03   0.592917D+03   0.831910D-05
  14400     146.0     256.2   0.239536D-03   0.589236D+03   0.782061D-05
  14450     147.0     257.0   0.233550D-03   0.579946D+03   0.788384D-05
  14500     147.0     257.8   0.232749D-03   0.566580D+03   0.841261D-05
  14550     148.0     258.6   0.237121D-03   0.551489D+03   0.885355D-05
  14600     148.0     259.4   0.242981D-03   0.537103D+03   0.894665D-05
  14650     149.0     260.2   0.245832D-03   0.525448D+03   0.864479D-05
  14700     149.0     261.0   0.243975D-03   0.517362D+03   0.793284D-05
  14750     150.0     261.8   0.238017D-03   0.513244D+03   0.713465D-05
  14800     150.0     262.6   0.231233D-03   0.512650D+03   0.678629D-05
  14850     151.0     263.4   0.225665D-03   0.514390D+03   0.704573D-05
  14900     151.0     264.3   0.222163D-03   0.517808D+03   0.762579D-05
  14950     152.0     265.1   0.221606D-03   0.522908D+03   0.817933D-05
  15000     152.0     266.0   0.223610D-03   0.529855D+03   0.858106D-05
  15050     153.0     269.7   0.225710D-03   0.538260D+03   0.872861D-05
  15100     153.0     270.5   0.225344D-03   0.545720D+03   0.863351D-05
  15150     154.0     271.2   0.221621D-03   0.549450D+03   0.838608D-05
  15200     154.0     272.0   0.215666D-03   0.548327D+03   0.809577D-05
  15250     155.0     272.8   0.209202D-03   0.542334D+03   0.783879D-05
  15300     155.0     273.6   0.203384D-03   0.532600D+03   0.767125D-05
  15350     156.0     274.4   0.198860D-03   0.521306D+03   0.764189D-05
  15400     156.0     275.2   0.196236D-03   0.510885D+03   0.772009D-05
  15450     156.0     276.0   0.195534D-03   0.502694D+03   0.771749D-05
  15500     157.0     276.8   0.195882D-03   0.497053D+03   0.754538D-05
  15550     157.0     277.6   0.196026D-03   0.494145D+03   0.725168D-05
  15600     158.0     278.4   0.195639D-03   0.493731D+03   0.702494D-05
  15650     158.0     279.2   0.194868D-03   0.494831D+03   0.707363D-05
  15700     159.0     280.0   0.193600D-03   0.496227D+03   0.750051D-05
  15750     159.0     280.8   0.191611D-03   0.496899D+03   0.818149D-05
  15800     160.0     281.6   0.189292D-03   0.496573D+03   0.884870D-05
  15850     160.0     282.4   0.186697D-03   0.495962D+03   0.931244D-05
  15900     161.0     283.2   0.183889D-03   0.495602D+03   0.947775D-05
  15950     161.0     284.1   0.180430D-03   0.495363D+03   0.933495D-05
  16000     162.0     285.0   0.176858D-03   0.494597D+03   0.901326D-05
  16050     162.0     285.8   0.174326D-03   0.492756D+03   0.867574D-05
  16100     163.0     286.6   0.173058D-03   0.489858D+03   0.842555D-05
  16150     163.0     287.3   0.172179D-03   0.486295D+03   0.833443D-05
  16200     164.0     288.2   0.170618D-03   0.483064D+03   0.842084D-05
  16250     164.0     289.0   0.167860D-03   0.481538D+03   0.864085D-05
  16300     165.0     289.8   0.164182D-03   0.482659D+03   0.887679D-05
  16350     165.0     290.6   0.159810D-03   0.486281D+03   0.895017D-05
  16400     166.0     291.4   0.155340D-03   0.491407D+03   0.869556D-05
  16450     166.0     292.3   0.151670D-03   0.496501D+03   0.809208D-05
  16500     167.0     293.2   0.149589D-03   0.499876D+03   0.734307D-05
  16550     167.0     294.0   0.148982D-03   0.500374D+03   0.680127D-05
  16600     168.0     294.8   0.148745D-03   0.497748D+03   0.677243D-05
  16650     168.0     295.6   0.147662D-03   0.492701D+03   0.721613D-05
  16700     169.0     296.4   0.145390D-03   0.486181D+03   0.779186D-05
  16750     169.0     297.2   0.141954D-03   0.479254D+03   0.818876D-05
  16800     170.0     298.1   0.137993D-03   0.472940D+03   0.827008D-05
  16850     170.0     298.9   0.134368D-03   0.467868D+03   0.809395D-05
  16900     171.0     299.7   0.132048D-03   0.464167D+03   0.781332D-05
  16950     171.0     300.5   0.131274D-03   0.461816D+03   0.758065D-05
  17000     172.0     301.3   0.131222D-03   0.460913D+03   0.752444D-05
  17050     172.0     302.1   0.130902D-03   0.461623D+03   0.774152D-05
  17100     173.0     302.9   0.129545D-03   0.463996D+03   0.818405D-05
  17150     173.0     303.8   0.126713D-03   0.467626D+03   0.862123D-05
  17200     174.0     304.6   0.122141D-03   0.471698D+03   0.880353D-05
  17250     174.0     305.4   0.116113D-03   0.475185D+03   0.855282D-05
  17300     175.0     306.2   0.109299D-03   0.477110D+03   0.782126D-05
  17350     175.0     307.0   0.102660D-03   0.476828D+03   0.672944D-05
  17400     176.0     307.9   0.968296D-04   0.474264D+03   0.554673D-05
  17450     176.0     308.7   0.922151D-04   0.469941D+03   0.466152D-05
  17500     177.0     309.5   0.888082D-04   0.464482D+03   0.439926D-05
  17550     178.0     312.8   0.863127D-04   0.458446D+03   0.465446D-05
  17600     178.0     313.7   0.844564D-04   0.452514D+03   0.505851D-05
  17650     179.0     314.5   0.827949D-04   0.447327D+03   0.535453D-05
  17700     179.0     315.3   0.812118D-04   0.443154D+03   0.546518D-05
  17750     180.0     316.1   0.796847D-04   0.440059D+03   0.542620D-05
  17800     180.0     316.9   0.782817D-04   0.437953D+03   0.533148D-05
  17850     181.0     317.7   0.772310D-04   0.436740D+03   0.531014D-05
  17900     181.0     318.6   0.766620D-04   0.436342D+03   0.543783D-05
  17950     182.0     319.5   0.763688D-04   0.436494D+03   0.568689D-05
  18000     182.0     320.4   0.759173D-04   0.436753D+03   0.592860D-05
  18050     183.0     321.2   0.750974D-04   0.436568D+03   0.601659D-05
  18100     183.0     322.0   0.736839D-04   0.435530D+03   0.586607D-05
  18150     184.0     322.9   0.717267D-04   0.433397D+03   0.547942D-05
  18200     184.0     323.8   0.693305D-04   0.430305D+03   0.494157D-05
  18250     185.0     324.6   0.669072D-04   0.426601D+03   0.441561D-05
  18300     185.0     325.6   0.647379D-04   0.422744D+03   0.407824D-05
  18350     186.0     326.5   0.630887D-04   0.419085D+03   0.399260D-05
  18400     186.0     327.3   0.620354D-04   0.415891D+03   0.405646D-05
  18450     187.0     328.2   0.613616D-04   0.413226D+03   0.414602D-05
  18500     187.0     329.0   0.608286D-04   0.410988D+03   0.419485D-05
  18550     188.0     329.9   0.602956D-04   0.409089D+03   0.420324D-05
  18600     188.0     330.7   0.597859D-04   0.407418D+03   0.420427D-05
  18650     189.0     331.5   0.595820D-04   0.405819D+03   0.422523D-05
  18700     189.0     332.4   0.597508D-04   0.404164D+03   0.427967D-05
  18750     190.0     333.3   0.603729D-04   0.402340D+03   0.436156D-05
  18800     190.0     334.2   0.613312D-04   0.400284D+03   0.445032D-05
  18850     191.0     335.1   0.623510D-04   0.397886D+03   0.451385D-05
  18900     191.0     336.0   0.631460D-04   0.395106D+03   0.452882D-05
  18950     192.0     336.9   0.634881D-04   0.391956D+03   0.449062D-05
  19000     192.0     337.7   0.632722D-04   0.388508D+03   0.442419D-05
  19050     193.0     338.6   0.625704D-04   0.384892D+03   0.436990D-05
  19100     193.0     339.4   0.615558D-04   0.381251D+03   0.435201D-05
  19150     194.0     340.2   0.604810D-04   0.377800D+03   0.436616D-05
  19200     194.0     341.0   0.595593D-04   0.374764D+03   0.439152D-05
  19250     195.0     341.8   0.589235D-04   0.372273D+03   0.440789D-05
  19300     195.0     342.7   0.586722D-04   0.370425D+03   0.441444D-05
  19350     196.0     343.5   0.589386D-04   0.369155D+03   0.441837D-05
  19400     196.0     344.4   0.595455D-04   0.368271D+03   0.442252D-05
  19450     197.0     345.3   0.603907D-04   0.367476D+03   0.442073D-05
  19500     197.0     346.1   0.614870D-04   0.366548D+03   0.440464D-05
  19550     198.0     347.0   0.626663D-04   0.365334D+03   0.437919D-05
  19600     198.0     347.8   0.637861D-04   0.363743D+03   0.435616D-05
  19650     199.0     348.6   0.646395D-04   0.361758D+03   0.434853D-05
  19700     199.0     349.4   0.651333D-04   0.359498D+03   0.436222D-05
  19750     200.0     350.2   0.651337D-04   0.357047D+03   0.439117D-05
  19800     200.0     351.1   0.645775D-04   0.354462D+03   0.442771D-05
  19850     201.0     351.9   0.634797D-04   0.351758D+03   0.445754D-05
  19900     201.0     352.7   0.620253D-04   0.348983D+03   0.447597D-05
  19950     202.0     353.6   0.604078D-04   0.346223D+03   0.448621D-05
  20000     202.0     354.4   0.588487D-04   0.343669D+03   0.449810D-05
  20050     203.0     358.0   0.574982D-04   0.341521D+03   0.452346D-05
  20100     203.0     358.9   0.565342D-04   0.339904D+03   0.456237D-05
  20150     204.0     359.7   0.559349D-04   0.338798D+03   0.460507D-05
  20200     204.0     360.5   0.557248D-04   0.338059D+03   0.463492D-05
  20250     205.0     361.4   0.557699D-04   0.337499D+03   0.463428D-05
  20300     205.0     362.3   0.665335D-04   0.336904D+03   0.459402D-05
  20350     206.0     363.2   0.562577D-04   0.336150D+03   0.452156D-05
  20400     206.0     364.0   0.564468D-04   0.335171D+03   0.443881D-05
  20450     207.0     364.8   0.564493D-04   0.333991D+03   0.436678D-05
  20500     207.0     365.7   0.562219D-04   0.332632D+03   0.431621D-05
  20550     208.0     366.6   0.556662D-04   0.331086D+03   0.429003D-05
  20600     208.0     367.4   0.547713D-04   0.329367D+03   0.428849D-05
  20650     209.0     368.2   0.535913D-04   0.327534D+03   0.430793D-05
  20700     209.0     369.2   0.522087D-04   0.325672D+03   0.434079D-05
  20750     210.0     370.0   0.506498D-04   0.323897D+03   0.438188D-05
  20800     210.0     370.9   0.490918D-04   0.322257D+03   0.443183D-05
  20850     211.0     371.7   0.476895D-04   0.320871D+03   0.449479D-05
  20900     211.0     372.6   0.465582D-04   0.319836D+03   0.456677D-05
  20950     212.0     373.4   0.456821D-04   0.319177D+03   0.463507D-05
  21000     212.0     374.2   0.450647D-04   0.318818D+03   0.468300D-05
  21050     213.0     375.0   0.446001D-04   0.318655D+03   0.469529D-05
  21100     213.0     375.9   0.441970D-04   0.318546D+03   0.466796D-05
  21150     214.0     376.7   0.437462D-04   0.318305D+03   0.460586D-05
  21200     214.0     377.6   0.432555D-04   0.317803D+03   0.452146D-05
  21250     215.0     378.4   0.427080D-04   0.317074D+03   0.443010D-05
  21300     215.0     379.3   0.420822D-04   0.316181D+03   0.434393D-05
  21350     216.0     380.1   0.414711D-04   0.315128D+03   0.427070D-05
  21400     216.0     381.0   0.408397D-04   0.313929D+03   0.421876D-05
  21450     217.0     381.8   0.401554D-04   0.312644D+03   0.419615D-05
  21500     217.0     382.7   0.394141D-04   0.311239D+03   0.420388D-05
  21550     218.0     383.6   0.385752D-04   0.309810D+03   0.423827D-05
  21600     218.0     384.4   0.376812D-04   0.308483D+03   0.429153D-05
  21650     219.0     385.3   0.367954D-04   0.307324D+03   0.435756D-05
  21700     220.0     386.1   0.360431D-04   0.306345D+03   0.442847D-05
  21750     220.0     387.0   0.354487D-04   0.305563D+03   0.449729D-05
  21800     221.0     387.8   0.350294D-04   0.304965D+03   0.455411D-05
  21850     221.0     388.7   0.347367D-04   0.304500D+03   0.459291D-05
  21900     222.0     389.5   0.345144D-04   0.304079D+03   0.460841D-05
  21950     222.0     390.3   0.342729D-04   0.303602D+03   0.459876D-05
  22000     223.0     391.2   0.340000D-04   0.302975D+03   0.456540D-05
  22050     223.0     392.0   0.336887D-04   0.302172D+03   0.451265D-05
  22100     224.0     392.8   0.333422D-04   0.301231D+03   0.444598D-05
  22150     224.0     393.7   0.330151D-04   0.300163D+03   0.437286D-05
  22200     225.0     394.5   0.327132D-04   0.298958D+03   0.430088D-05
  22250     225.0     395.3   0.324460D-04   0.297624D+03   0.423730D-05
  22300     226.0     396.1   0.321911D-04   0.296161D+03   0.418793D-05
  22350     226.0     396.9   0.319280D-04   0.294621D+03   0.415731D-05
  22400     227.0     397.7   0.316599D-04   0.293062D+03   0.414783D-05
  22450     227.0     398.6   0.313791D-04   0.291551D+03   0.415943D-05
  22500     228.0     399.4   0.311155D-04   0.290113D+03   0.418917D-05
  22550     228.0     403.3   0.308870D-04   0.288752D+03   0.423088D-05
  22600     229.0     404.1   0.307244D-04   0.287489D+03   0.427683D-05
  22650     229.0     404.9   0.306503D-04   0.286308D+03   0.431978D-05
  22700     230.0     405.7   0.306590D-04   0.285208D+03   0.435581D-05
  22750     230.0     406.5   0.306915D-04   0.284201D+03   0.438141D-05
  22800     231.0     407.3   0.307489D-04   0.283281D+03   0.439224D-05
  22850     231.0     408.1   0.308200D-04   0.282403D+03   0.438533D-05
  22900     231.0     408.8   0.308942D-04   0.281531D+03   0.435967D-05
  22950     232.0     409.6   0.309568D-04   0.280655D+03   0.431695D-05
  23000     232.0     410.4   0.310364D-04   0.279740D+03   0.426166D-05
  23050     233.0     411.2   0.310608D-04   0.278762D+03   0.420001D-05
  23100     233.0     412.0   0.310669D-04   0.277735D+03   0.413839D-05
  23150     234.0     412.8   0.311227D-04   0.276660D+03   0.408225D-05
  23200     234.0     413.5   0.311672D-04   0.275538D+03   0.403692D-05
  23250     235.0     414.3   0.312015D-04   0.274371D+03   0.400821D-05
  23300     235.0     415.1   0.312178D-04   0.273144D+03   0.399839D-05
  23350     236.0     415.9   0.312641D-04   0.271934D+03   0.400596D-05
  23400     236.0     416.7   0.312866D-04   0.270814D+03   0.402540D-05
  23450     237.0     417.5   0.313957D-04   0.269764D+03   0.405016D-05
  23500     237.0     418.3   0.315683D-04   0.268795D+03   0.407522D-05
  23550     238.0     419.1   0.318068D-04   0.267897D+03   0.409677D-05
  23600     238.0     419.9   0.320704D-04   0.267008D+03   0.411211D-05
  23650     239.0     420.8   0.323165D-04   0.266145D+03   0.411883D-05
  23700     239.0     421.6   0.326187D-04   0.265289D+03   0.411267D-05
  23750     240.0     422.4   0.328949D-04   0.264415D+03   0.409555D-05
  23800     240.0     423.2   0.331574D-04   0.263505D+03   0.406873D-05
  23850     241.0     424.0   0.334191D-04   0.262516D+03   0.403503D-05
  23900     241.0     424.9   0.336058D-04   0.261522D+03   0.399776D-05
  23950     242.0     425.6   0.338156D-04   0.260467D+03   0.396142D-05
  24000     242.0     426.4   0.340440D-04   0.259331D+03   0.393018D-05
  24050     243.0     427.1   0.341811D-04   0.258125D+03   0.390572D-05
  24100     243.0     427.9   0.343373D-04   0.256896D+03   0.389015D-05
  24150     244.0     428.7   0.345082D-04   0.255691D+03   0.388301D-05
  24200     244.0     429.6   0.346666D-04   0.254526D+03   0.388327D-05
  24250     245.0     430.3   0.348242D-04   0.253404D+03   0.388918D-05
  24300     245.0     431.1   0.350152D-04   0.252240D+03   0.389695D-05
  24350     246.0     431.9   0.351452D-04   0.251097D+03   0.390385D-05
  24400     246.0     432.7   0.353090D-04   0.250043D+03   0.391007D-05
  24450     247.0     433.6   0.354492D-04   0.249063D+03   0.391326D-05
  24500     247.0     434.4   0.355467D-04   0.248102D+03   0.391460D-05
  24550     248.0     435.2   0.356270D-04   0.247111D+03   0.391274D-05
  24600     248.0     436.1   0.356979D-04   0.246094D+03   0.390754D-05
  24650     249.0     436.9   0.153724D-03   0.245129D+03   0.389983D-05
  24700     249.0     437.6   0.358271D-04   0.244158D+03   0.389113D-05
  24750     250.0     438.4   0.359036D-04   0.243154D+03   0.388123D-05
  24800     250.0     439.1   0.359426D-04   0.242130D+03   0.386989D-05
  24850     251.0     439.9   0.360118D-04   0.241139D+03   0.385950D-05
  24900     251.0     440.7   0.360834D-04   0.240241D+03   0.384898D-05
  24950     252.0     441.5   0.361491D-04   0.239364D+03   0.383987D-05
  25000     252.0     442.3   0.361611D-04   0.238504D+03   0.383143D-05
  25050     253.0     446.1   0.361704D-04   0.237621D+03   0.382463D-05
  25100     253.0     446.9   0.362225D-04   0.237627D+03   0.381932D-05
  25150     254.0     447.8   0.360762D-04   0.236060D+03   0.381697D-05
  25200     254.0     448.6   0.359866D-04   0.235295D+03   0.381697D-05
  25250     255.0     449.5   0.358341D-04   0.234523D+03   0.381962D-05
  25300     256.0     450.4   0.356569D-04   0.233799D+03   0.382503D-05
  25350     256.0     451.2   0.354947D-04   0.233135D+03   0.383258D-05
  25400     257.0     452.1   0.353135D-04   0.232474D+03   0.384096D-05
  25450     257.0     452.9   0.351331D-04   0.231808D+03   0.384825D-05
  25500     258.0     453.7   0.349657D-04   0.231147D+03   0.385468D-05
  25550     258.0     454.5   0.347940D-04   0.230566D+03   0.385640D-05
  25600     259.0     455.3   0.346702D-04   0.230000D+03   0.385519D-05
  25650     259.0     456.1   0.345564D-04   0.229437D+03   0.384955D-05
  25700     260.0     457.0   0.344274D-04   0.228880D+03   0.383977D-05
  25750     260.0     457.8   0.342896D-04   0.228378D+03   0.382704D-05
  25800     261.0     458.6   0.341302D-04   0.227904D+03   0.381368D-05
  25850     261.0     459.4   0.339729D-04   0.227418D+03   0.380080D-05
  25900     261.0     460.2   0.337807D-04   0.226916D+03   0.379004D-05
  25950     262.0     461.1   0.335488D-04   0.226435D+03   0.378378D-05
  26000     263.0     461.9   0.332593D-04   0.225989D+03   0.378032D-05
  26050     263.0     462.7   0.329510D-04   0.225542D+03   0.378269D-05
  26100     264.0     463.5   0.326665D-04   0.225086D+03   0.378899D-05
  26150     264.0     464.3   0.323731D-04   0.224650D+03   0.379809D-05
  26200     265.0     465.1   0.320752D-04   0.224271D+03   0.380936D-05
  26250     265.0     466.0   0.317618D-04   0.223939D+03   0.381818D-05
  26300     266.0     466.8   0.314657D-04   0.223606D+03   0.382502D-05
  26350     266.0     467.6   0.133069D-03   0.223266D+03   0.382707D-05
  26400     267.0     468.4   0.309978D-04   0.222963D+03   0.382397D-05
  26450     267.0     469.2   0.308095D-04   0.222721D+03   0.381723D-05
  26500     268.0     470.0   0.305933D-04   0.222494D+03   0.380531D-05
  26550     268.0     470.9   0.303496D-04   0.222247D+03   0.379032D-05
  26600     269.0     471.7   0.301386D-04   0.221960D+03   0.377436D-05
  26650     269.0     472.5   0.299360D-04   0.221697D+03   0.375888D-05
  26700     270.0     473.3   0.296935D-04   0.221497D+03   0.374720D-05
  26750     270.0     474.1   0.294615D-04   0.221268D+03   0.373704D-05
  26800     271.0     475.0   0.291738D-04   0.221042D+03   0.373226D-05
  26850     271.0     475.8   0.288834D-04   0.220774D+03   0.373109D-05
  26900     272.0     476.6   0.286222D-04   0.220521D+03   0.373291D-05
  26950     272.0     477.4   0.283801D-04   0.220331D+03   0.373805D-05
  27000     273.0     478.2   0.281277D-04   0.220178D+03   0.374200D-05
  27050     273.0     479.1   0.279382D-04   0.220007D+03   0.374549D-05
  27100     274.0     479.9   0.276923D-04   0.219845D+03   0.374646D-05
  27150     274.0     480.7   0.274739D-04   0.219679D+03   0.374371D-05
  27200     275.0     481.6   0.273024D-04   0.219533D+03   0.373700D-05
  27250     275.0     482.4   0.271506D-04   0.219417D+03   0.372817D-05
  27300     276.0     483.3   0.270043D-04   0.219318D+03   0.371339D-05
  27350     276.0     484.1   0.269267D-04   0.219165D+03   0.369763D-05
  27400     277.0     484.9   0.267848D-04   0.219017D+03   0.368084D-05
  27450     277.0     485.7   0.266124D-04   0.218881D+03   0.366479D-05
  27500     278.0     486.5   0.264821D-04   0.218732D+03   0.365059D-05
  27550     278.0     489.9   0.263605D-04   0.218573D+03   0.364075D-05
  27600     279.0     490.7   0.262191D-04   0.218438D+03   0.363076D-05
  27650     279.0     491.6   0.261001D-04   0.218244D+03   0.362502D-05
  27700     280.0     492.5   0.260456D-04   0.218037D+03   0.362107D-05
  27750     280.0     493.3   0.259017D-04   0.217867D+03   0.361853D-05
  27800     281.0     494.2   0.257694D-04   0.217706D+03   0.361667D-05
  27850     281.0     495.0   0.256902D-04   0.217532D+03   0.361526D-05
  27900     282.0     495.7   0.256258D-04   0.217345D+03   0.360878D-05
  27950     282.0     496.6   0.255821D-04   0.217150D+03   0.360147D-05
  28000     283.0     497.4   0.256162D-04   0.217773D+03   0.359156D-05
  28050     283.0     498.3   0.255438D-04   0.216746D+03   0.357905D-05
  28100     284.0     499.2   0.256254D-04   0.216530D+03   0.356401D-05
  28150     284.0     500.2   0.255647D-04   0.216354D+03   0.354773D-05
  28200     285.0     501.0   0.255469D-04   0.216156D+03   0.353318D-05
  28250     285.0     501.7   0.255408D-04   0.215899D+03   0.351482D-05
  28300     286.0     502.6   0.255554D-04   0.215605D+03   0.349953D-05
  28350     286.0     503.4   0.255536D-04   0.215353D+03   0.348640D-05
  28400     287.0     504.3   0.255521D-04   0.215067D+03   0.347559D-05
  28450     287.0     505.1   0.255508D-04   0.214768D+03   0.346634D-05
  28500     288.0     505.9   0.255650D-04   0.214489D+03   0.345899D-05
  28550     288.0     506.7   0.256674D-04   0.214193D+03   0.345286D-05
  28600     289.0     507.5   0.256369D-04   0.213862D+03   0.344944D-05
  28650     289.0     508.3   0.256345D-04   0.213515D+03   0.344017D-05
  28700     290.0     509.1   0.256657D-04   0.213170D+03   0.343282D-05
  28750     290.0     509.9   0.257155D-04   0.212808D+03   0.342382D-05
  28800     291.0     510.7   0.257668D-04   0.212459D+03   0.341273D-05
  28850     291.0     511.6   0.258225D-04   0.212101D+03   0.340006D-05
  28900     292.0     512.4   0.258876D-04   0.211746D+03   0.338611D-05
  28950     292.0     513.3   0.259549D-04   0.211382D+03   0.337091D-05
  29000     293.0     514.1   0.260195D-04   0.210984D+03   0.335562D-05
  29050     293.0     515.0   0.261611D-04   0.211915D+03   0.334437D-05
  29100     294.0     515.8   0.261602D-04   0.210133D+03   0.332803D-05
  29150     294.0     516.6   0.262918D-04   0.209677D+03   0.331467D-05
  29200     295.0     517.5   0.262758D-04   0.209222D+03   0.330298D-05
  29250     295.0     518.3   0.263062D-04   0.208780D+03   0.329300D-05
  29300     296.0     519.2   0.263341D-04   0.208317D+03   0.328424D-05
  29350     296.0     520.0   0.263721D-04   0.207852D+03   0.327533D-05
  29400     297.0     520.9   0.264027D-04   0.207396D+03   0.326652D-05
  29450     297.0     521.7   0.264413D-04   0.206894D+03   0.325864D-05
  29500     298.0     522.5   0.264882D-04   0.206364D+03   0.325082D-05
  29550     298.0     523.3   0.265269D-04   0.205852D+03   0.324147D-05
  29600     299.0     524.1   0.265626D-04   0.205332D+03   0.323097D-05
  29650     299.0     525.0   0.265990D-04   0.204791D+03   0.322192D-05
  29700     300.0     525.8   0.266231D-04   0.204246D+03   0.320724D-05
  29750     300.0     526.6   0.266516D-04   0.203692D+03   0.319484D-05
  29800     301.0     527.4   0.266757D-04   0.203133D+03   0.318162D-05
  29850     301.0     528.3   0.266982D-04   0.202558D+03   0.316911D-05
  29900     302.0     529.1   0.267154D-04   0.201976D+03   0.315719D-05
  29950     302.0     530.0   0.267264D-04   0.201393D+03   0.314640D-05
  30000     303.0     530.8   0.267273D-04   0.200799D+03   0.313641D-05
  30050     303.0     533.5   0.267216D-04   0.200175D+03   0.312717D-05
  30100     304.0     534.3   0.267109D-04   0.199532D+03   0.311837D-05
  30150     304.0     535.1   0.266919D-04   0.198894D+03   0.311022D-05
  30200     305.0     535.9   0.266689D-04   0.198238D+03   0.310220D-05
  30250     305.0     536.7   0.266441D-04   0.197567D+03   0.309383D-05
  30300     306.0     537.5   0.266142D-04   0.196889D+03   0.308542D-05
  30350     306.0     538.3   0.265823D-04   0.196208D+03   0.307655D-05
  30400     307.0     539.1   0.265474D-04   0.195520D+03   0.306708D-05
  30450     307.0     539.9   0.265106D-04   0.194829D+03   0.305710D-05
  30500     308.0     540.7   0.264684D-04   0.194134D+03   0.304685D-05
  30550     308.0     541.5   0.264223D-04   0.193434D+03   0.303666D-05
  30600     309.0     542.3   0.263737D-04   0.192727D+03   0.302629D-05
  30650     309.0     543.1   0.263220D-04   0.192010D+03   0.301596D-05
  30700     310.0     544.0   0.262659D-04   0.191282D+03   0.300587D-05
  30750     310.0     544.8   0.262034D-04   0.190543D+03   0.299586D-05
  30800     311.0     545.5   0.261375D-04   0.189794D+03   0.298632D-05
  30850     311.0     546.4   0.260665D-04   0.189036D+03   0.297756D-05
  30900     312.0     547.2   0.259906D-04   0.188268D+03   0.296910D-05
  30950     312.0     548.1   0.259098D-04   0.187494D+03   0.296133D-05
  31000     313.0     548.9   0.258251D-04   0.186715D+03   0.295344D-05
  31050     313.0     549.7   0.257373D-04   0.185934D+03   0.294535D-05
  31100     314.0     550.5   0.256488D-04   0.185153D+03   0.293718D-05
  31150     314.0     551.3   0.255602D-04   0.184366D+03   0.292882D-05
  31200     315.0     552.2   0.254670D-04   0.183572D+03   0.292000D-05
  31250     315.0     553.0   0.253737D-04   0.182773D+03   0.291072D-05
  31300     316.0     553.9   0.252794D-04   0.181969D+03   0.290130D-05
  31350     316.0     554.7   0.251837D-04   0.181163D+03   0.289167D-05
  31400     317.0     555.5   0.250857D-04   0.180357D+03   0.288187D-05
  31450     317.0     556.3   0.249843D-04   0.179553D+03   0.287219D-05
  31500     318.0     557.0   0.248812D-04   0.178752D+03   0.286255D-05
  31550     318.0     557.8   0.247783D-04   0.177958D+03   0.285335D-05
  31600     319.0     558.7   0.246747D-04   0.177160D+03   0.284455D-05
  31650     319.0     559.5   0.245691D-04   0.176358D+03   0.283633D-05
  31700     320.0     560.3   0.244618D-04   0.175554D+03   0.282850D-05
  31750     320.0     561.2   0.243523D-04   0.174747D+03   0.282080D-05
  31800     321.0     562.0   0.242424D-04   0.173940D+03   0.281300D-05
  31850     321.0     562.8   0.241328D-04   0.173137D+03   0.280507D-05
  31900     322.0     563.6   0.240197D-04   0.172340D+03   0.279686D-05
  31950     322.0     564.4   0.239117D-04   0.171539D+03   0.278824D-05
  32000     323.0     565.2   0.238016D-04   0.170740D+03   0.277919D-05
  32050     323.0     566.0   0.236885D-04   0.169942D+03   0.276987D-05
  32100     324.0     566.8   0.235746D-04   0.169150D+03   0.276022D-05
  32150     324.0     567.5   0.234646D-04   0.168369D+03   0.275058D-05
  32200     325.0     568.3   0.233576D-04   0.167594D+03   0.274093D-05
  32250     325.0     569.1   0.232500D-04   0.166825D+03   0.273129D-05
  32300     326.0     569.9   0.231418D-04   0.166062D+03   0.272224D-05
  32350     326.0     570.7   0.230368D-04   0.165305D+03   0.271349D-05
  32400     327.0     571.5   0.229344D-04   0.164556D+03   0.270502D-05
  32450     327.0     572.3   0.228345D-04   0.163817D+03   0.269679D-05
  32500     328.0     573.1   0.227395D-04   0.163089D+03   0.268882D-05
  32550     328.0     576.2   0.226512D-04   0.162370D+03   0.268091D-05
  32600     329.0     577.0   0.225655D-04   0.161655D+03   0.267281D-05
  32650     329.0     577.8   0.224805D-04   0.160945D+03   0.266434D-05
  32700     330.0     578.6   0.223963D-04   0.160244D+03   0.265570D-05
  32750     330.0     579.4   0.223163D-04   0.159550D+03   0.264685D-05
  32800     331.0     580.2   0.222294D-04   0.158866D+03   0.263742D-05
  32850     331.0     581.0   0.221461D-04   0.158184D+03   0.262783D-05
  32900     332.0     581.8   0.220597D-04   0.157502D+03   0.261827D-05
  32950     332.0     582.6   0.219761D-04   0.156832D+03   0.260880D-05
  33000     333.0     583.4   0.218943D-04   0.156175D+03   0.259937D-05
  33050     333.0     584.2   0.218185D-04   0.155529D+03   0.259025D-05
  33100     334.0     585.0   0.217498D-04   0.154896D+03   0.258132D-05
  33150     334.0     585.8   0.216827D-04   0.154272D+03   0.257250D-05
  33200     335.0     586.6   0.216200D-04   0.153659D+03   0.256404D-05
  33250     335.0     587.4   0.215618D-04   0.153058D+03   0.255562D-05
  33300     335.0     588.2   0.215080D-04   0.152470D+03   0.254740D-05
  33350     336.0     589.0   0.214581D-04   0.151889D+03   0.253912D-05
  33400     336.0     589.8   0.214128D-04   0.151319D+03   0.253079D-05
  33450     337.0     590.6   0.213717D-04   0.150759D+03   0.252221D-05
  33500     337.0     591.4   0.213344D-04   0.150212D+03   0.251349D-05
  33550     338.0     592.2   0.213021D-04   0.149674D+03   0.250460D-05
  33600     338.0     593.0   0.212767D-04   0.149151D+03   0.249571D-05
  33650     339.0     593.9   0.212598D-04   0.148641D+03   0.248672D-05
  33700     339.0     594.7   0.212431D-04   0.148135D+03   0.247762D-05
  33750     340.0     595.5   0.212248D-04   0.147632D+03   0.246874D-05
  33800     340.0     596.4   0.212049D-04   0.147137D+03   0.245992D-05
  33850     341.0     597.2   0.211845D-04   0.146651D+03   0.245112D-05
  33900     341.0     598.1   0.211651D-04   0.146165D+03   0.244272D-05
  33950     342.0     598.9   0.211464D-04   0.145685D+03   0.243445D-05
  34000     342.0     599.7   0.211308D-04   0.145216D+03   0.242634D-05
  34050     343.0     600.5   0.211205D-04   0.144754D+03   0.241827D-05
  34100     343.0     601.3   0.211149D-04   0.144301D+03   0.241035D-05
  34150     344.0     602.1   0.211139D-04   0.143860D+03   0.240253D-05
  34200     344.0     602.9   0.211163D-04   0.143427D+03   0.239486D-05
  34250     345.0     603.7   0.211226D-04   0.143003D+03   0.238693D-05
  34300     345.0     604.5   0.211312D-04   0.142587D+03   0.237916D-05
  34350     346.0     605.3   0.211426D-04   0.142178D+03   0.237140D-05
  34400     346.0     606.1   0.211540D-04   0.141778D+03   0.236358D-05
  34450     347.0     606.9   0.211713D-04   0.141386D+03   0.235571D-05
  34500     347.0     607.7   0.211903D-04   0.140999D+03   0.234771D-05
  34550     348.0     608.4   0.212116D-04   0.140620D+03   0.233980D-05
  34600     348.0     609.2   0.212347D-04   0.140249D+03   0.233205D-05
  34650     349.0     610.0   0.212577D-04   0.139882D+03   0.232431D-05
  34700     349.0     610.8   0.212815D-04   0.139521D+03   0.231663D-05
  34750     350.0     611.7   0.213051D-04   0.139161D+03   0.230926D-05
  34800     350.0     612.5   0.213295D-04   0.138807D+03   0.230205D-05
  34850     351.0     613.4   0.213583D-04   0.138464D+03   0.229508D-05
  34900     351.0     614.2   0.213868D-04   0.138123D+03   0.228813D-05
  34950     352.0     615.0   0.215031D-04   0.137783D+03   0.228131D-05
  35000     352.0     615.8   0.214507D-04   0.137449D+03   0.227445D-05
  35050     353.0     618.7   0.214136D-04   0.137071D+03   0.226764D-05
  35100     353.0     619.5   0.215209D-04   0.136676D+03   0.226091D-05
  35150     354.0     620.3   0.215581D-04   0.136355D+03   0.225429D-05
  35200     354.0     621.1   0.215793D-04   0.136037D+03   0.224750D-05
  35250     355.0     621.9   0.216237D-04   0.135756D+03   0.224078D-05
  35300     355.0     622.7   0.215738D-04   0.135473D+03   0.223405D-05
  35350     356.0     623.4   0.216300D-04   0.135069D+03   0.222737D-05
  35400     356.0     624.3   0.216956D-04   0.134731D+03   0.222076D-05
  35450     357.0     625.1   0.217286D-04   0.134458D+03   0.221426D-05
  35500     357.0     625.8   0.217886D-04   0.134175D+03   0.220965D-05
  35550     358.0     626.6   0.217673D-04   0.133925D+03   0.221146D-05
  35600     358.0     627.3   0.217588D-04   0.133551D+03   0.219849D-05
  35650     359.0     628.1   0.218494D-04   0.133199D+03   0.219204D-05
  35700     359.0     628.9   0.218767D-04   0.132930D+03   0.218604D-05
  35750     360.0     629.7   0.219120D-04   0.132654D+03   0.217834D-05
  35800     360.0     630.5   0.219053D-04   0.132432D+03   0.217887D-05
  35850     361.0     631.3   0.218834D-04   0.355154D+03   0.216522D-05
  35900     361.0     632.2   0.219400D-04   0.131712D+03   0.216056D-05
  35950     362.0     633.0   0.219754D-04   0.346339D+03   0.215491D-05
  36000     362.0     633.8   0.219937D-04   0.342446D+03   0.214931D-05
  36050     363.0     634.6   0.219708D-04   0.130883D+03   0.214704D-05
  36100     363.0     635.4   0.219822D-04   0.335721D+03   0.213748D-05
  36150     364.0     636.2   0.220271D-04   0.332593D+03   0.213557D-05
  36200     364.0     637.0   0.220889D-04   0.129884D+03   0.212970D-05
  36250     365.0     637.8   0.220491D-04   0.129586D+03   0.212066D-05
  36300     365.0     638.6   0.220333D-04   0.129269D+03   0.212137D-05
  36350     366.0     639.3   0.220427D-04   0.128904D+03   0.211040D-05
  36400     366.0     640.1   0.231614D-03   0.128596D+03   0.210685D-05
  36450     367.0     641.0   0.220842D-04   0.128307D+03   0.210162D-05
  36500     367.0     641.8   0.220395D-04   0.128002D+03   0.209392D-05
  36550     368.0     642.6   0.220764D-04   0.127587D+03   0.209556D-05
  36600     368.0     643.3   0.220691D-04   0.127252D+03   0.208548D-05
  36650     369.0     644.1   0.221130D-04   0.126946D+03   0.208155D-05
  36700     369.0     644.8   0.220690D-04   0.126667D+03   0.207555D-05
  36750     369.0     645.6   0.220496D-04   0.126268D+03   0.207105D-05
  36800     370.0     646.4   0.220464D-04   0.125869D+03   0.206537D-05
  36850     370.0     647.2   0.220895D-04   0.125547D+03   0.206294D-05
  36900     371.0     648.0   0.220538D-04   0.125245D+03   0.205849D-05
  36950     371.0     648.9   0.219962D-04   0.124915D+03   0.205025D-05
  37000     372.0     649.7   0.220173D-04   0.124451D+03   0.205009D-05
  37050     373.0     650.5   0.220721D-04   0.124103D+03   0.204263D-05
  37100     373.0     651.4   0.219940D-04   0.123788D+03   0.203821D-05
  37150     374.0     652.2   0.219332D-04   0.123498D+03   0.203258D-05
  37200     374.0     653.1   0.219287D-04   0.123051D+03   0.203030D-05
  37250     375.0     653.9   0.218894D-04   0.122655D+03   0.202207D-05
  37300     375.0     654.7   0.218916D-04   0.122331D+03   0.202064D-05
  37350     375.0     655.5   0.218386D-04   0.122039D+03   0.201563D-05
  37400     376.0     656.3   0.217974D-04   0.121650D+03   0.200954D-05
  37450     376.0     657.2   0.217625D-04   0.121218D+03   0.200508D-05
  37500     377.0     658.0   0.217497D-04   0.120883D+03   0.200323D-05
  37550     378.0     661.3   0.217005D-04   0.120588D+03   0.199883D-05
  37600     378.0     662.2   0.216393D-04   0.120259D+03   0.199180D-05
  37650     379.0     663.1   0.216064D-04   0.119824D+03   0.199002D-05
  37700     379.0     663.9   0.216048D-04   0.119469D+03   0.198582D-05
  37750     380.0     664.7   0.215235D-04   0.119167D+03   0.198168D-05
  37800     380.0     665.5   0.214565D-04   0.118879D+03   0.197580D-05
  37850     381.0     666.3   0.214139D-04   0.118478D+03   0.197436D-05
  37900     381.0     667.1   0.213441D-04   0.118108D+03   0.196839D-05
  37950     382.0     668.0   0.213121D-04   0.314077D+03   0.196559D-05
  38000     382.0     668.8   0.212366D-04   0.117530D+03   0.196062D-05
  38050     383.0     669.6   0.211851D-04   0.117190D+03   0.195723D-05
  38100     383.0     670.5   0.211005D-04   0.116826D+03   0.195120D-05
  38150     384.0     671.3   0.210753D-04   0.317688D+03   0.194960D-05
  38200     384.0     672.1   0.209852D-04   0.116247D+03   0.194565D-05
  38250     385.0     673.0   0.209257D-04   0.115963D+03   0.194006D-05
  38300     385.0     673.8   0.208437D-04   0.115627D+03   0.193696D-05
  38350     386.0     674.7   0.207696D-04   0.115323D+03   0.193454D-05
  38400     386.0     675.5   0.207166D-04   0.115046D+03   0.193076D-05
  38450     387.0     676.4   0.206327D-04   0.114804D+03   0.192555D-05
  38500     387.0     677.3   0.205829D-04   0.114507D+03   0.192440D-05
  38550     388.0     678.3   0.204765D-04   0.114231D+03   0.191907D-05
  38600     388.0     679.1   0.204127D-04   0.113952D+03   0.191627D-05
  38650     389.0     679.9   0.203347D-04   0.326771D+03   0.191228D-05
  38700     389.0     680.7   0.202668D-04   0.327668D+03   0.190851D-05
  38750     390.0     681.6   0.201904D-04   0.328477D+03   0.190461D-05
  38800     390.0     682.5   0.200950D-04   0.112984D+03   0.190229D-05
  38850     391.0     683.4   0.200249D-04   0.330241D+03   0.189903D-05
  38900     391.0     684.2   0.199444D-04   0.112517D+03   0.189447D-05
  38950     392.0     685.2   0.198808D-04   0.112294D+03   0.189377D-05
  39000     392.0     686.0   0.197979D-04   0.112085D+03   0.188814D-05
  39050     393.0     686.9   0.197049D-04   0.111884D+03   0.188618D-05
  39100     393.0     687.8   0.196222D-04   0.111652D+03   0.188308D-05
  39150     394.0     688.6   0.195511D-04   0.334368D+03   0.187849D-05
  39200     394.0     689.4   0.194709D-04   0.111255D+03   0.187837D-05
  39250     395.0     690.3   0.193995D-04   0.111072D+03   0.187327D-05
  39300     395.0     691.2   0.193078D-04   0.336184D+03   0.187097D-05
  39350     396.0     692.0   0.192152D-04   0.336756D+03   0.186797D-05
  39400     396.0     692.9   0.191339D-04   0.110505D+03   0.186389D-05
  39450     397.0     693.7   0.190692D-04   0.110357D+03   0.186454D-05
  39500     397.0     694.6   0.189720D-04   0.338032D+03   0.185901D-05
  39550     398.0     695.4   0.189263D-04   0.110045D+03   0.185683D-05
  39600     398.0     696.3   0.188228D-04   0.109909D+03   0.185392D-05
  39650     399.0     697.2   0.187346D-04   0.109718D+03   0.185050D-05
  39700     399.0     698.0   0.186665D-04   0.109566D+03   0.185063D-05
  39750     400.0     698.9   0.186047D-04   0.109445D+03   0.184565D-05
  39800     400.0     699.7   0.185066D-04   0.109307D+03   0.184357D-05
  39850     401.0     700.6   0.184549D-04   0.109156D+03   0.184079D-05
  39900     401.0     701.5   0.183802D-04   0.109013D+03   0.183821D-05
  39950     402.0     702.3   0.182860D-04   0.108883D+03   0.183541D-05
  40000     402.0     703.2   0.182221D-04   0.108732D+03   0.183680D-05
  40050     403.0     706.2   0.181381D-04   0.108612D+03   0.183095D-05
  40100     404.0     707.1   0.180690D-04   0.108484D+03   0.182895D-05
  40150     404.0     708.0   0.180126D-04   0.108336D+03   0.182661D-05
  40200     405.0     708.8   0.179449D-04   0.108199D+03   0.182462D-05
  40250     405.0     709.7   0.179124D-04   0.108066D+03   0.182208D-05
  40300     406.0     710.5   0.178274D-04   0.107971D+03   0.182183D-05
  40350     406.0     711.4   0.177549D-04   0.107832D+03   0.181953D-05
  40400     407.0     712.2   0.176895D-04   0.107698D+03   0.181578D-05
  40450     407.0     713.1   0.176343D-04   0.107566D+03   0.181388D-05
  40500     408.0     714.0   0.175809D-04   0.107431D+03   0.181237D-05
  40550     408.0     714.8   0.175205D-04   0.107296D+03   0.181022D-05
  40600     409.0     715.6   0.174736D-04   0.107169D+03   0.180808D-05
  40650     409.0     716.4   0.174277D-04   0.107042D+03   0.180684D-05
  40700     410.0     717.3   0.174260D-04   0.106899D+03   0.180957D-05
  40750     410.0     718.1   0.173423D-04   0.106789D+03   0.180267D-05
  40800     411.0     719.0   0.172826D-04   0.106647D+03   0.180080D-05
  40850     411.0     719.8   0.172430D-04   0.106504D+03   0.179963D-05
  40900     412.0     720.7   0.172029D-04   0.106369D+03   0.179809D-05
  40950     412.0     721.5   0.171612D-04   0.106215D+03   0.179612D-05
  41000     413.0     722.3   0.171263D-04   0.106063D+03   0.179461D-05
  41050     413.0     723.1   0.170928D-04   0.105916D+03   0.179288D-05
  41100     414.0     723.9   0.170638D-04   0.105766D+03   0.179175D-05
  41150     414.0     724.7   0.170461D-04   0.105603D+03   0.179620D-05
  41200     415.0     725.5   0.170082D-04   0.105446D+03   0.179091D-05
  41250     415.0     726.3   0.169926D-04   0.105289D+03   0.178791D-05
  41300     416.0     727.2   0.169606D-04   0.105126D+03   0.178613D-05
  41350     416.0     728.0   0.169702D-04   0.104943D+03   0.178511D-05
  41400     417.0     728.8   0.169513D-04   0.104775D+03   0.178438D-05
  41450     417.0     729.7   0.169032D-04   0.104612D+03   0.178220D-05
  41500     418.0     730.5   0.168691D-04   0.104419D+03   0.177920D-05
  41550     418.0     731.3   0.168494D-04   0.104243D+03   0.177864D-05
  41600     419.0     732.1   0.168422D-04   0.104043D+03   0.177906D-05
  41650     419.0     732.9   0.168310D-04   0.103842D+03   0.177736D-05
  41700     420.0     733.8   0.168196D-04   0.103645D+03   0.177470D-05
  41750     420.0     734.6   0.168174D-04   0.103441D+03   0.177379D-05
  41800     421.0     735.4   0.168141D-04   0.103228D+03   0.177540D-05
  41850     421.0     736.2   0.167892D-04   0.103008D+03   0.177140D-05
  41900     422.0     737.0   0.167728D-04   0.102787D+03   0.176933D-05
  41950     422.0     737.8   0.167646D-04   0.102567D+03   0.176839D-05
  42000     423.0     738.7   0.167563D-04   0.102344D+03   0.176784D-05
  42050     423.0     739.6   0.167488D-04   0.102107D+03   0.176601D-05
  42100     424.0     740.4   0.167511D-04   0.101863D+03   0.176506D-05
  42150     425.0     741.3   0.167552D-04   0.101615D+03   0.176439D-05
  42200     425.0     742.2   0.167541D-04   0.101362D+03   0.176313D-05
  42250     426.0     743.0   0.167516D-04   0.101096D+03   0.176187D-05
  42300     426.0     743.9   0.167532D-04   0.100827D+03   0.176143D-05
  42350     427.0     744.8   0.167579D-04   0.100562D+03   0.176059D-05
  42400     427.0     745.6   0.167592D-04   0.100290D+03   0.175920D-05
  42450     428.0     746.6   0.167628D-04   0.100012D+03   0.175817D-05
  42500     428.0     747.4   0.167681D-04   0.997279D+02   0.175749D-05
  42550     429.0     750.5   0.167666D-04   0.994364D+02   0.175637D-05
  42600     429.0     751.4   0.167645D-04   0.991407D+02   0.175511D-05
  42650     430.0     752.3   0.167624D-04   0.988406D+02   0.175446D-05
  42700     430.0     753.1   0.167657D-04   0.985363D+02   0.175392D-05
  42750     431.0     753.9   0.167680D-04   0.982258D+02   0.175298D-05
  42800     431.0     754.7   0.167715D-04   0.979092D+02   0.175183D-05
  42850     432.0     755.5   0.167764D-04   0.975864D+02   0.175100D-05
  42900     432.0     756.3   0.167805D-04   0.972554D+02   0.175036D-05
  42950     433.0     757.1   0.167810D-04   0.969164D+02   0.174950D-05
  43000     433.0     757.9   0.167799D-04   0.965709D+02   0.174862D-05
  43050     434.0     758.7   0.167804D-04   0.962211D+02   0.174804D-05
  43100     434.0     759.5   0.167817D-04   0.958662D+02   0.174748D-05
  43150     435.0     760.4   0.167827D-04   0.955059D+02   0.174660D-05
  43200     435.0     761.2   0.167835D-04   0.951392D+02   0.174576D-05
  43250     436.0     762.0   0.167832D-04   0.947681D+02   0.174506D-05
  43300     436.0     762.9   0.167802D-04   0.943890D+02   0.174434D-05
  43350     437.0     763.7   0.167744D-04   0.940038D+02   0.174368D-05
  43400     438.0     764.6   0.167681D-04   0.936141D+02   0.174299D-05
  43450     438.0     765.4   0.167601D-04   0.932217D+02   0.174239D-05
  43500     439.0     766.3   0.167532D-04   0.928265D+02   0.174179D-05
  43550     439.0     767.1   0.167472D-04   0.924275D+02   0.174120D-05
  43600     440.0     768.0   0.167417D-04   0.920253D+02   0.174062D-05
  43650     440.0     768.9   0.167348D-04   0.916172D+02   0.173994D-05
  43700     441.0     769.7   0.167262D-04   0.912033D+02   0.173938D-05
  43750     441.0     770.6   0.167161D-04   0.907840D+02   0.173884D-05
  43800     442.0     771.5   0.167052D-04   0.903604D+02   0.173827D-05
  43850     442.0     772.3   0.166918D-04   0.899325D+02   0.173766D-05
  43900     443.0     773.2   0.166771D-04   0.895001D+02   0.173712D-05
  43950     443.0     774.1   0.166609D-04   0.890634D+02   0.173666D-05
  44000     444.0     774.9   0.166439D-04   0.886225D+02   0.173623D-05
  44050     444.0     775.8   0.166249D-04   0.881773D+02   0.173574D-05
  44100     445.0     776.6   0.166042D-04   0.877297D+02   0.173522D-05
  44150     445.0     777.4   0.165836D-04   0.872789D+02   0.173473D-05
  44200     446.0     778.3   0.165624D-04   0.868239D+02   0.173435D-05
  44250     446.0     779.2   0.165397D-04   0.863662D+02   0.173388D-05
  44300     447.0     780.1   0.165141D-04   0.859042D+02   0.173344D-05
  44350     447.0     781.0   0.164879D-04   0.854397D+02   0.173288D-05
  44400     448.0     781.9   0.164609D-04   0.849730D+02   0.173249D-05
  44450     448.0     782.9   0.164330D-04   0.845040D+02   0.173217D-05
  44500     449.0     783.7   0.164040D-04   0.840327D+02   0.173170D-05
  44550     449.0     784.6   0.163740D-04   0.835595D+02   0.173130D-05
  44600     450.0     785.4   0.163436D-04   0.830857D+02   0.173095D-05
  44650     450.0     786.2   0.163133D-04   0.826136D+02   0.173058D-05
  44700     451.0     787.1   0.162817D-04   0.821392D+02   0.173021D-05
  44750     451.0     787.9   0.162488D-04   0.816634D+02   0.172981D-05
  44800     452.0     788.7   0.162146D-04   0.811870D+02   0.172954D-05
  44850     452.0     789.5   0.161782D-04   0.807094D+02   0.172919D-05
  44900     453.0     790.3   0.161408D-04   0.802307D+02   0.172877D-05
  44950     453.0     791.1   0.161018D-04   0.797523D+02   0.172850D-05
  45000     454.0     792.0   0.160624D-04   0.792735D+02   0.172820D-05
  45050     454.0     795.6   0.160228D-04   0.787957D+02   0.172788D-05
  45100     455.0     796.5   0.159814D-04   0.783207D+02   0.172757D-05
  45150     455.0     797.3   0.159397D-04   0.778451D+02   0.172725D-05
  45200     456.0     798.2   0.158973D-04   0.773679D+02   0.172694D-05
  45250     457.0     799.1   0.158542D-04   0.768936D+02   0.172669D-05
  45300     457.0     800.0   0.158103D-04   0.764198D+02   0.172649D-05
  45350     458.0     800.8   0.157657D-04   0.759462D+02   0.172625D-05
  45400     458.0     801.7   0.157196D-04   0.754726D+02   0.172599D-05
  45450     459.0     802.5   0.156738D-04   0.750023D+02   0.172568D-05
  45500     459.0     803.4   0.156280D-04   0.745359D+02   0.172540D-05
  45550     460.0     804.2   0.155821D-04   0.740734D+02   0.172520D-05
  45600     460.0     805.1   0.155361D-04   0.736153D+02   0.172494D-05
  45650     461.0     805.9   0.154901D-04   0.731623D+02   0.172472D-05
  45700     461.0     806.8   0.154443D-04   0.727128D+02   0.172452D-05
  45750     462.0     807.7   0.153989D-04   0.722674D+02   0.172427D-05
  45800     462.0     808.5   0.153562D-04   0.718302D+02   0.172411D-05
  45850     463.0     809.4   0.153127D-04   0.713944D+02   0.172398D-05
  45900     463.0     810.3   0.152685D-04   0.709617D+02   0.172374D-05
  45950     464.0     811.1   0.152235D-04   0.705330D+02   0.172358D-05
  46000     464.0     812.0   0.151785D-04   0.701092D+02   0.172334D-05
  46050     465.0     812.9   0.151335D-04   0.696894D+02   0.172317D-05
  46100     465.0     813.7   0.150883D-04   0.692744D+02   0.172306D-05
  46150     466.0     814.6   0.150438D-04   0.688650D+02   0.172289D-05
  46200     467.0     815.5   0.149979D-04   0.684647D+02   0.172269D-05
  46250     467.0     816.4   0.149541D-04   0.680705D+02   0.172249D-05
  46300     468.0     817.2   0.149105D-04   0.676779D+02   0.172237D-05
  46350     468.0     818.1   0.148665D-04   0.672894D+02   0.172224D-05
  46400     469.0     819.0   0.148223D-04   0.669067D+02   0.172212D-05
  46450     469.0     819.9   0.147785D-04   0.665297D+02   0.172190D-05
  46500     470.0     820.7   0.147359D-04   0.661596D+02   0.172177D-05
  46550     470.0     821.6   0.146947D-04   0.657982D+02   0.172151D-05
  46600     471.0     822.4   0.146553D-04   0.654463D+02   0.172143D-05
  46650     471.0     823.3   0.146175D-04   0.651042D+02   0.172133D-05
  46700     472.0     824.2   0.145813D-04   0.647719D+02   0.172116D-05
  46750     472.0     825.0   0.145461D-04   0.644481D+02   0.172105D-05
  46800     473.0     825.9   0.145123D-04   0.641323D+02   0.172094D-05
  46850     473.0     826.8   0.144792D-04   0.638247D+02   0.172088D-05
  46900     474.0     827.6   0.144474D-04   0.635251D+02   0.172074D-05
  46950     474.0     828.5   0.144175D-04   0.632350D+02   0.172059D-05
  47000     475.0     829.3   0.143907D-04   0.629557D+02   0.172061D-05
  47050     476.0     830.2   0.143652D-04   0.626823D+02   0.172040D-05
  47100     476.0     831.0   0.143399D-04   0.624157D+02   0.172018D-05
  47150     477.0     831.9   0.143155D-04   0.621574D+02   0.172003D-05
  47200     477.0     832.8   0.142927D-04   0.619071D+02   0.171992D-05
  47250     478.0     833.7   0.142709D-04   0.616652D+02   0.171994D-05
  47300     478.0     834.5   0.142503D-04   0.614314D+02   0.171986D-05
  47350     479.0     835.4   0.142318D-04   0.612060D+02   0.171957D-05
  47400     479.0     836.3   0.142112D-04   0.609922D+02   0.171948D-05
  47450     480.0     837.2   0.141926D-04   0.607833D+02   0.171935D-05
  47500     480.0     838.0   0.141746D-04   0.605752D+02   0.171917D-05
  47550     481.0     841.3   0.141567D-04   0.603761D+02   0.171914D-05
  47600     481.0     842.2   0.141405D-04   0.601827D+02   0.171901D-05
  47650     482.0     843.1   0.141266D-04   0.600000D+02   0.171895D-05
  47700     482.0     844.0   0.141152D-04   0.598267D+02   0.171879D-05
  47750     483.0     844.9   0.141060D-04   0.596630D+02   0.171869D-05
  47800     484.0     845.8   0.140990D-04   0.595087D+02   0.171854D-05
  47850     484.0     846.7   0.140938D-04   0.593628D+02   0.171839D-05
  47900     485.0     847.6   0.140898D-04   0.592252D+02   0.171825D-05
  47950     485.0     848.4   0.140873D-04   0.590957D+02   0.171816D-05
  48000     486.0     849.3   0.140861D-04   0.589738D+02   0.171803D-05
  48050     486.0     850.2   0.140864D-04   0.588591D+02   0.171791D-05
  48100     487.0     851.0   0.140880D-04   0.587516D+02   0.171778D-05
  48150     487.0     851.9   0.140910D-04   0.586503D+02   0.171761D-05
  48200     488.0     852.7   0.140952D-04   0.585549D+02   0.171745D-05
  48250     488.0     853.6   0.141007D-04   0.584649D+02   0.171729D-05
  48300     489.0     854.4   0.141077D-04   0.583821D+02   0.171711D-05
  48350     489.0     855.3   0.141163D-04   0.583049D+02   0.171704D-05
  48400     490.0     856.2   0.141257D-04   0.582308D+02   0.171690D-05
  48450     490.0     857.1   0.141405D-04   0.581609D+02   0.171679D-05
  48500     491.0     858.0   0.141476D-04   0.580961D+02   0.171668D-05
  48550     491.0     859.0   0.141336D-04   0.579852D+02   0.171649D-05
  48600     492.0     859.8   0.141635D-04   0.578115D+02   0.171640D-05
  48650     493.0     860.7   0.141843D-04   0.577831D+02   0.171619D-05
  48700     493.0     861.6   0.141952D-04   0.577909D+02   0.171605D-05
  48750     494.0     862.6   0.142049D-04   0.577789D+02   0.171586D-05
  48800     494.0     863.5   0.142163D-04   0.577443D+02   0.171573D-05
  48850     495.0     864.4   0.142428D-04   0.577069D+02   0.171560D-05
  48900     495.0     865.3   0.142486D-04   0.576714D+02   0.171542D-05
  48950     496.0     866.1   0.142573D-04   0.576402D+02   0.171586D-05
  49000     496.0     867.1   0.142661D-04   0.575088D+02   0.171827D-05
  49050     497.0     868.0   0.142897D-04   0.574203D+02   0.171557D-05
  49100     497.0     868.9   0.143192D-04   0.574375D+02   0.171648D-05
  49150     498.0     869.7   0.143404D-04   0.574627D+02   0.171639D-05
  49200     498.0     870.6   0.143837D-04   0.574548D+02   0.171601D-05
  49250     499.0     871.5   0.143729D-04   0.574512D+02   0.171550D-05
  49300     500.0     872.4   0.143819D-04   0.574389D+02   0.171464D-05
  49350     500.0     873.4   0.143855D-04   0.573505D+02   0.171384D-05
  49400     501.0     874.3   0.144337D-04   0.572195D+02   0.171776D-05
  49450     501.0     875.2   0.144486D-04   0.572129D+02   0.171644D-05
  49500     502.0     876.1   0.144605D-04   0.572491D+02   0.171508D-05
  49550     502.0     877.0   0.144911D-04   0.572636D+02   0.171524D-05
  49600     503.0     877.9   0.145112D-04   0.572471D+02   0.171608D-05
  49650     503.0     878.8   0.145140D-04   0.572280D+02   0.171595D-05
  49700     504.0     879.7   0.145172D-04   0.571223D+02   0.171463D-05
  49750     504.0     880.6   0.145484D-04   0.570533D+02   0.171465D-05
  49800     505.0     881.5   0.145671D-04   0.570637D+02   0.171584D-05
  49850     505.0     882.4   0.145811D-04   0.570764D+02   0.171381D-05
  49900     506.0     883.3   0.145925D-04   0.570674D+02   0.171348D-05
  49950     506.0     884.2   0.146052D-04   0.570520D+02   0.171366D-05
  50000     507.0     885.2   0.146081D-04   0.569629D+02   0.171426D-05
 TOTAL CPU TIME =   507.000000000000     
 TOTAL WALL CLOCK TIME =   888.074240000000     
